<?xml version="1.0" encoding="UTF-8"?>
<!-- Generated by org.testng.reporters.JUnitXMLReporter -->
<testsuite hostname="W7JR1-MNALL" ignored="0" name="Uptake Coding Suite 1" tests="2" failures="0" timestamp="21 Dec 2017 16:33:06 GMT" time="26.837" errors="0">
  <testcase name="verifyPRODUCTStextTest" time="0.05" classname="com.pom.uptake.Uptake.HomePageTest"/>
  <testcase name="verifyUptakeProducttextTest" time="0.053" classname="com.pom.uptake.Uptake.ProductPageTest"/>
</testsuite> <!-- Uptake Coding Suite 1 -->
