<?xml version="1.0" encoding="UTF-8"?>
<testng-results skipped="0" failed="0" total="1" passed="1">
  <reporter-output>
  </reporter-output>
  <suite name="com.pom.uptake.Uptake.HomePageTest" duration-ms="14294" started-at="2017-12-20T20:18:29Z" finished-at="2017-12-20T20:18:43Z">
    <groups>
    </groups>
    <test name="Command line test" duration-ms="14294" started-at="2017-12-20T20:18:29Z" finished-at="2017-12-20T20:18:43Z">
      <class name="com.pom.uptake.Uptake.HomePageTest">
        <test-method status="PASS" signature="setUp()[pri:0, instance:com.pom.uptake.Uptake.HomePageTest@6442b0a6]" name="setUp" is-config="true" duration-ms="13556" started-at="2017-12-20T14:18:29Z" finished-at="2017-12-20T14:18:42Z">
          <reporter-output>
          </reporter-output>
        </test-method> <!-- setUp -->
        <test-method status="PASS" signature="HomePageTitleTest()[pri:0, instance:com.pom.uptake.Uptake.HomePageTest@6442b0a6]" name="HomePageTitleTest" duration-ms="13" started-at="2017-12-20T14:18:42Z" finished-at="2017-12-20T14:18:42Z">
          <reporter-output>
          </reporter-output>
        </test-method> <!-- HomePageTitleTest -->
        <test-method status="PASS" signature="tearDown()[pri:0, instance:com.pom.uptake.Uptake.HomePageTest@6442b0a6]" name="tearDown" is-config="true" duration-ms="704" started-at="2017-12-20T14:18:42Z" finished-at="2017-12-20T14:18:43Z">
          <reporter-output>
          </reporter-output>
        </test-method> <!-- tearDown -->
      </class> <!-- com.pom.uptake.Uptake.HomePageTest -->
    </test> <!-- Command line test -->
  </suite> <!-- com.pom.uptake.Uptake.HomePageTest -->
</testng-results>
