<?xml version="1.0" encoding="UTF-8"?>
<!-- Generated by org.testng.reporters.JUnitXMLReporter -->
<testsuite hostname="W7JR1-MNALL" ignored="0" name="Regression suite 1" tests="2" failures="0" timestamp="21 Dec 2017 16:27:39 GMT" time="35.915" errors="0">
  <testcase name="verifyPRODUCTStextTest" time="0.077" classname="com.pom.uptake.Uptake.HomePageTest"/>
  <testcase name="verifyUptakeProducttextTest" time="0.693" classname="com.pom.uptake.Uptake.ProductPageTest"/>
</testsuite> <!-- Regression suite 1 -->
