<?xml version="1.0" encoding="UTF-8"?>
<!-- Generated by org.testng.reporters.JUnitXMLReporter -->
<testsuite hostname="W7JR1-MNALL" ignored="0" name="Regression suite 1" tests="2" failures="0" timestamp="21 Dec 2017 04:26:37 GMT" time="37.488" errors="0">
  <testcase name="verifyPRODUCTStextTest" time="0.125" classname="com.pom.uptake.Uptake.HomePageTest"/>
  <testcase name="verifyUptakeProducttextTest" time="0.056" classname="com.pom.uptake.Uptake.ProductPageTest"/>
</testsuite> <!-- Regression suite 1 -->
